[17:08:20 19/04/2026] INFO: ĐĂNG NHẬP: 'Chủ Quán' (Chức vụ: Admin) vừa truy cập hệ thống.
[17:16:04 19/04/2026] INFO: ĐĂNG NHẬP: 'Chủ Quán' (Chức vụ: Admin) vừa truy cập hệ thống.
[17:20:35 19/04/2026] INFO: CHỐT ĐƠN THÀNH CÔNG: Thu 44,000đ | Chi tiết: 2x cà phê phin
[21:16:51 23/04/2026] INFO: ĐĂNG NHẬP: 'Chủ Quán' (Chức vụ: Admin) vừa truy cập hệ thống.
[21:17:07 23/04/2026] INFO: CHỐT ĐƠN THÀNH CÔNG: Thu 28,600đ | Chi tiết: 1x americano
[21:31:46 08/05/2026] INFO: ĐĂNG NHẬP: 'Chủ Quán' (Chức vụ: Admin) vừa truy cập hệ thống.
[07:53:13 09/05/2026] INFO: ĐĂNG NHẬP: 'Chủ Quán' (Chức vụ: Admin) vừa truy cập hệ thống.
[07:54:01 09/05/2026] ERROR: CẢNH BÁO BẢO MẬT: Có người cố gắng đăng nhập thất bại với tài khoản 'a1'.
[07:54:04 09/05/2026] ERROR: CẢNH BÁO BẢO MẬT: Có người cố gắng đăng nhập thất bại với tài khoản 'a1'.
[07:54:10 09/05/2026] ERROR: CẢNH BÁO BẢO MẬT: Có người cố gắng đăng nhập thất bại với tài khoản '1a'.
[07:54:14 09/05/2026] ERROR: CẢNH BÁO BẢO MẬT: Có người cố gắng đăng nhập thất bại với tài khoản '1a'.
[07:54:30 09/05/2026] INFO: ĐĂNG NHẬP: 'Chủ Quán' (Chức vụ: Admin) vừa truy cập hệ thống.
[07:54:50 09/05/2026] ERROR: CẢNH BÁO BẢO MẬT: Có người cố gắng đăng nhập thất bại với tài khoản '1'.
[07:54:55 09/05/2026] INFO: ĐĂNG NHẬP: 'a1' (Chức vụ: Nhân viên) vừa truy cập hệ thống.
[08:19:26 09/05/2026] INFO: ĐĂNG NHẬP: 'Chủ Quán' (Chức vụ: Admin) vừa truy cập hệ thống.
[08:25:35 09/05/2026] INFO: ĐĂNG NHẬP: 'Chủ Quán' (Chức vụ: Admin) vừa truy cập hệ thống.
[08:27:36 09/05/2026] INFO: ĐĂNG NHẬP: 'Chủ Quán' (Chức vụ: Admin) vừa truy cập hệ thống.
[08:30:26 09/05/2026] INFO: ĐĂNG NHẬP: 'Chủ Quán' (Chức vụ: Admin) vừa truy cập hệ thống.
[08:31:03 09/05/2026] ERROR: CẢNH BÁO BẢO MẬT: Có người cố gắng đăng nhập thất bại với tài khoản '1'.
[08:31:06 09/05/2026] INFO: ĐĂNG NHẬP: 'cc' (Chức vụ: Nhân viên) vừa truy cập hệ thống.
[08:31:37 09/05/2026] INFO: ĐĂNG NHẬP: 'Chủ Quán' (Chức vụ: Admin) vừa truy cập hệ thống.
[10:44:59 09/05/2026] INFO: ĐĂNG NHẬP: 'Chủ Quán' (Chức vụ: Admin) vừa truy cập hệ thống.
[10:56:39 09/05/2026] INFO: ĐĂNG NHẬP: 'Chủ Quán' (Chức vụ: Admin) vừa truy cập hệ thống.
[10:57:01 09/05/2026] INFO: ĐĂNG NHẬP: '1' (Chức vụ: Nhân viên) vừa truy cập hệ thống.
[10:58:08 09/05/2026] ERROR: CẢNH BÁO BẢO MẬT: Có người cố gắng đăng nhập thất bại với tài khoản '1'.
[10:58:15 09/05/2026] INFO: ĐĂNG NHẬP: 'Chủ Quán' (Chức vụ: Admin) vừa truy cập hệ thống.
[12:55:51 09/05/2026] INFO: ĐĂNG NHẬP: '1' (Chức vụ: Nhân viên) vừa truy cập hệ thống.
[12:57:32 09/05/2026] INFO: ĐĂNG NHẬP: 'Chủ Quán' (Chức vụ: Admin) vừa truy cập hệ thống.
[14:08:30 09/05/2026] ERROR: CẢNH BÁO BẢO MẬT: Có người cố gắng đăng nhập thất bại với tài khoản '1'.
[14:08:33 09/05/2026] INFO: ĐĂNG NHẬP: 'nhân viên 1' (Chức vụ: Nhân viên) vừa truy cập hệ thống.
[14:09:03 09/05/2026] INFO: ĐĂNG NHẬP: 'Chủ Quán' (Chức vụ: Admin) vừa truy cập hệ thống.
[14:40:04 09/05/2026] ERROR: CẢNH BÁO BẢO MẬT: Có người cố gắng đăng nhập thất bại với tài khoản '1'.
[14:40:11 09/05/2026] INFO: ĐĂNG NHẬP: 'Chủ Quán' (Chức vụ: Admin) vừa truy cập hệ thống.
[14:41:24 09/05/2026] INFO: ĐĂNG NHẬP: 'a' (Chức vụ: Thu ngân) vừa truy cập hệ thống.
[18:22:23 09/05/2026] INFO: ĐĂNG NHẬP: 'a' (Chức vụ: Thu ngân) vừa truy cập hệ thống.
[18:23:12 09/05/2026] ERROR: CẢNH BÁO BẢO MẬT: Có người cố gắng đăng nhập thất bại với tài khoản '2'.
[18:23:16 09/05/2026] ERROR: CẢNH BÁO BẢO MẬT: Có người cố gắng đăng nhập thất bại với tài khoản '2'.
[18:23:19 09/05/2026] ERROR: CẢNH BÁO BẢO MẬT: Có người cố gắng đăng nhập thất bại với tài khoản '2'.
[18:23:21 09/05/2026] ERROR: CẢNH BÁO BẢO MẬT: Có người cố gắng đăng nhập thất bại với tài khoản '2'.
[18:23:29 09/05/2026] ERROR: CẢNH BÁO BẢO MẬT: Có người cố gắng đăng nhập thất bại với tài khoản 'admin'.
[18:23:34 09/05/2026] INFO: ĐĂNG NHẬP: 'Chủ Quán' (Chức vụ: Admin) vừa truy cập hệ thống.
[18:24:18 09/05/2026] INFO: ĐĂNG NHẬP: 'b' (Chức vụ: Pha chế) vừa truy cập hệ thống.
[21:20:42 09/05/2026] INFO: ĐĂNG NHẬP: 'Chủ Quán' (Chức vụ: Admin) vừa truy cập hệ thống.
[21:29:44 09/05/2026] INFO: ĐĂNG NHẬP: 'Chủ Quán' (Chức vụ: Admin) vừa truy cập hệ thống.
[22:29:48 09/05/2026] INFO: ĐĂNG NHẬP: 'a' (Chức vụ: Thu ngân) vừa truy cập hệ thống.
[22:30:49 09/05/2026] INFO: ĐĂNG NHẬP: 'Chủ Quán' (Chức vụ: Admin) vừa truy cập hệ thống.
[22:31:40 09/05/2026] INFO: ĐĂNG NHẬP: 'a' (Chức vụ: Thu ngân) vừa truy cập hệ thống.
[22:32:06 09/05/2026] INFO: ĐĂNG NHẬP: 'Chủ Quán' (Chức vụ: Admin) vừa truy cập hệ thống.
[22:41:04 09/05/2026] INFO: ĐĂNG NHẬP: 'a' (Chức vụ: Thu ngân) vừa truy cập hệ thống.
[09:28:43 10/05/2026] INFO: ĐĂNG NHẬP: 'a' (Chức vụ: Thu ngân) vừa truy cập hệ thống.
[09:30:54 10/05/2026] INFO: ĐĂNG NHẬP: 'Chủ Quán' (Chức vụ: Admin) vừa truy cập hệ thống.
[09:40:48 10/05/2026] INFO: ĐĂNG NHẬP: 'ab' (Chức vụ: Quản lý) vừa truy cập hệ thống.
[09:41:20 10/05/2026] INFO: ĐĂNG NHẬP: 'a' (Chức vụ: Thu ngân) vừa truy cập hệ thống.
[09:41:26 10/05/2026] ERROR: CẢNH BÁO BẢO MẬT: Có người cố gắng đăng nhập thất bại với tài khoản '2'.
[09:41:30 10/05/2026] INFO: ĐĂNG NHẬP: 'b' (Chức vụ: Phục vụ) vừa truy cập hệ thống.
[09:41:56 10/05/2026] INFO: ĐĂNG NHẬP: 'Chủ Quán' (Chức vụ: Admin) vừa truy cập hệ thống.
[09:42:35 10/05/2026] INFO: ĐĂNG NHẬP: 'pc' (Chức vụ: Pha chế) vừa truy cập hệ thống.
[09:43:52 10/05/2026] INFO: ĐĂNG NHẬP: 'Chủ Quán' (Chức vụ: Admin) vừa truy cập hệ thống.
[09:48:23 10/05/2026] INFO: ĐĂNG NHẬP: 'ab' (Chức vụ: Quản lý) vừa truy cập hệ thống.
[09:48:40 10/05/2026] INFO: ĐĂNG NHẬP: 'Chủ Quán' (Chức vụ: Admin) vừa truy cập hệ thống.
[10:07:55 10/05/2026] INFO: ĐĂNG NHẬP: 'Chủ Quán' (Chức vụ: Admin) vừa truy cập hệ thống.
[10:38:54 10/05/2026] INFO: ĐĂNG NHẬP: 'a' (Chức vụ: Thu ngân) vừa truy cập hệ thống.
[12:21:45 10/05/2026] INFO: ĐĂNG NHẬP: 'a' (Chức vụ: Thu ngân) vừa truy cập hệ thống.
[12:23:34 10/05/2026] INFO: ĐĂNG NHẬP: 'Chủ Quán' (Chức vụ: Admin) vừa truy cập hệ thống.
[12:25:02 10/05/2026] ERROR: CẢNH BÁO BẢO MẬT: Có người cố gắng đăng nhập thất bại với tài khoản 'admin'.
[12:25:05 10/05/2026] INFO: ĐĂNG NHẬP: 'Chủ Quán' (Chức vụ: Thu ngân) vừa truy cập hệ thống.
[12:25:23 10/05/2026] INFO: ĐĂNG NHẬP: 'ad2' (Chức vụ: Admin) vừa truy cập hệ thống.
[14:35:17 10/05/2026] INFO: ĐĂNG NHẬP: 'ab' (Chức vụ: Quản lý) vừa truy cập hệ thống.
[14:37:02 10/05/2026] INFO: ĐĂNG NHẬP: 'Chủ Quán' (Chức vụ: Admin) vừa truy cập hệ thống.
[14:44:21 10/05/2026] INFO: ĐĂNG NHẬP: 'ab' (Chức vụ: Quản lý) vừa truy cập hệ thống.
[15:15:20 10/05/2026] INFO: ĐĂNG NHẬP: 'Chủ Quán' (Chức vụ: Admin) vừa truy cập hệ thống.
[15:25:31 10/05/2026] INFO: ĐĂNG NHẬP: 'ab' (Chức vụ: Quản lý) vừa truy cập hệ thống.
[15:37:56 10/05/2026] INFO: ĐĂNG NHẬP: 'a' (Chức vụ: Thu ngân) vừa truy cập hệ thống.
[15:39:24 10/05/2026] INFO: ĐĂNG NHẬP: 'Chủ Quán' (Chức vụ: Admin) vừa truy cập hệ thống.
